<?xml version="1.0" encoding="UTF-8"?>
<testsuite name="ldts.control.PlayerControllerTest" tests="5" skipped="0" failures="0" errors="0" timestamp="2022-01-21T18:39:10" hostname="Pedros-MacBook-Pro-2.local" time="0.026">
  <properties/>
  <testcase name="inputCharacterSpace()" classname="ldts.control.PlayerControllerTest" time="0.017"/>
  <testcase name="inputCharacterNotSpace()" classname="ldts.control.PlayerControllerTest" time="0.001"/>
  <testcase name="step()" classname="ldts.control.PlayerControllerTest" time="0.001"/>
  <testcase name="inputCharacterSpaceMaxHeight()" classname="ldts.control.PlayerControllerTest" time="0.002"/>
  <testcase name="inputNotCharacter()" classname="ldts.control.PlayerControllerTest" time="0.002"/>
  <system-out><![CDATA[]]></system-out>
  <system-err><![CDATA[]]></system-err>
</testsuite>
