<?xml version="1.0" encoding="UTF-8"?>
<testsuite name="ldts.model.RocketTest" tests="6" skipped="0" failures="0" errors="0" timestamp="2022-01-21T18:39:10" hostname="Pedros-MacBook-Pro-2.local" time="0.004">
  <properties/>
  <testcase name="moveRocket()" classname="ldts.model.RocketTest" time="0.001"/>
  <testcase name="constructor()" classname="ldts.model.RocketTest" time="0.001"/>
  <testcase name="getPosition()" classname="ldts.model.RocketTest" time="0.0"/>
  <testcase name="gets()" classname="ldts.model.RocketTest" time="0.0"/>
  <testcase name="sets()" classname="ldts.model.RocketTest" time="0.0"/>
  <testcase name="type()" classname="ldts.model.RocketTest" time="0.0"/>
  <system-out><![CDATA[]]></system-out>
  <system-err><![CDATA[]]></system-err>
</testsuite>
