<?xml version="1.0" encoding="UTF-8"?>
<testsuite name="ldts.view.MenuBackgroundTest" tests="1" skipped="0" failures="0" errors="0" timestamp="2022-01-21T18:39:10" hostname="Pedros-MacBook-Pro-2.local" time="0.004">
  <properties/>
  <testcase name="draw()" classname="ldts.view.MenuBackgroundTest" time="0.004"/>
  <system-out><![CDATA[]]></system-out>
  <system-err><![CDATA[]]></system-err>
</testsuite>
