<?xml version="1.0" encoding="UTF-8"?>
<testsuite name="ldts.model.LaserTest" tests="5" skipped="0" failures="0" errors="0" timestamp="2022-01-21T18:39:09" hostname="Pedros-MacBook-Pro-2.local" time="0.462">
  <properties/>
  <testcase name="constructor()" classname="ldts.model.LaserTest" time="0.457"/>
  <testcase name="lastPosition()" classname="ldts.model.LaserTest" time="0.001"/>
  <testcase name="sets()" classname="ldts.model.LaserTest" time="0.001"/>
  <testcase name="type()" classname="ldts.model.LaserTest" time="0.0"/>
  <testcase name="moveLaser()" classname="ldts.model.LaserTest" time="0.0"/>
  <system-out><![CDATA[]]></system-out>
  <system-err><![CDATA[]]></system-err>
</testsuite>
