<?xml version="1.0" encoding="UTF-8"?>
<testsuite name="ldts.view.GameOverViewTest" tests="2" skipped="0" failures="0" errors="0" timestamp="2022-01-21T18:39:10" hostname="Pedros-MacBook-Pro-2.local" time="0.005">
  <properties/>
  <testcase name="drawSelectReplay()" classname="ldts.view.GameOverViewTest" time="0.004"/>
  <testcase name="moveSelected()" classname="ldts.view.GameOverViewTest" time="0.0"/>
  <system-out><![CDATA[]]></system-out>
  <system-err><![CDATA[]]></system-err>
</testsuite>
