<?xml version="1.0" encoding="UTF-8"?>
<testsuite name="ldts.model.CoinTest" tests="3" skipped="0" failures="0" errors="0" timestamp="2022-01-21T18:39:10" hostname="Pedros-MacBook-Pro-2.local" time="0.002">
  <properties/>
  <testcase name="constructor()" classname="ldts.model.CoinTest" time="0.001"/>
  <testcase name="moveCoin()" classname="ldts.model.CoinTest" time="0.001"/>
  <testcase name="type()" classname="ldts.model.CoinTest" time="0.0"/>
  <system-out><![CDATA[]]></system-out>
  <system-err><![CDATA[]]></system-err>
</testsuite>
