<?xml version="1.0" encoding="UTF-8"?>
<testsuite name="LaserGroupTest" tests="1" skipped="0" failures="0" errors="0" timestamp="2022-01-02T18:46:00" hostname="LAPTOP" time="0.018">
  <properties/>
  <testcase name="moveLasers()" classname="LaserGroupTest" time="0.018"/>
  <system-out><![CDATA[]]></system-out>
  <system-err><![CDATA[]]></system-err>
</testsuite>
